<?xml version="1.0" encoding="UTF-8"?>
<testng-results ignored="0" total="1" passed="1" failed="0" skipped="0">
  <reporter-output>
  </reporter-output>
  <suite started-at="2024-11-07T13:40:30 IST" name="Default suite" finished-at="2024-11-07T13:40:40 IST" duration-ms="9266">
    <groups>
    </groups>
    <test started-at="2024-11-07T13:40:30 IST" name="Default test" finished-at="2024-11-07T13:40:40 IST" duration-ms="9266">
      <class name="extentReport.ToAttachScreenshot">
        <test-method signature="addScreenShot()[pri:0, instance:extentReport.ToAttachScreenshot@7b98f307]" started-at="2024-11-07T13:40:30 IST" name="addScreenShot" finished-at="2024-11-07T13:40:40 IST" duration-ms="9194" status="PASS">
          <reporter-output>
          </reporter-output>
        </test-method> <!-- addScreenShot -->
      </class> <!-- extentReport.ToAttachScreenshot -->
    </test> <!-- Default test -->
  </suite> <!-- Default suite -->
</testng-results>
